\BOOKMARK [0][-]{Hardcover.0}{Hardcover}{}% 1
\BOOKMARK [0][-]{Softcover.0}{Softcover}{}% 2
\BOOKMARK [0][-]{Dedication.0}{Dedication}{}% 3
\BOOKMARK [0][-]{Abstract.0}{Abstract}{}% 4
\BOOKMARK [0][-]{Contents.0}{Contents}{}% 5
\BOOKMARK [0][-]{List of Figures.0}{List of Figures}{}% 6
\BOOKMARK [0][-]{List of Tables.0}{List of Tables}{}% 7
\BOOKMARK [0][-]{chapter.1}{Introduction}{}% 8
\BOOKMARK [1][-]{section.1.1}{Fall Detection Systems}{chapter.1}% 9
\BOOKMARK [1][-]{section.1.2}{State-Of-The-Art}{chapter.1}% 10
\BOOKMARK [2][-]{subsection.1.2.1}{Problem Statement}{section.1.2}% 11
\BOOKMARK [0][-]{chapter.2}{Background}{}% 12
\BOOKMARK [1][-]{section.2.1}{Support Vector Machines}{chapter.2}% 13
\BOOKMARK [2][-]{subsection.2.1.1}{One-Class Support Vector Machines}{section.2.1}% 14
\BOOKMARK [1][-]{section.2.2}{Gaussian Mixture Model}{chapter.2}% 15
\BOOKMARK [1][-]{section.2.3}{K-Nearest Neighbor}{chapter.2}% 16
\BOOKMARK [1][-]{section.2.4}{Deep Neural Network}{chapter.2}% 17
\BOOKMARK [2][-]{subsection.2.4.1}{Convolutional Neural Network}{section.2.4}% 18
\BOOKMARK [2][-]{subsection.2.4.2}{Autoencoder}{section.2.4}% 19
\BOOKMARK [0][-]{chapter.3}{Dataset}{}% 20
\BOOKMARK [1][-]{section.3.1}{The floor acoustic sensor}{chapter.3}% 21
\BOOKMARK [1][-]{section.3.2}{The fall events dataset: A3Fall-v1.0}{chapter.3}% 22
\BOOKMARK [2][-]{subsection.3.2.1}{The recording setup}{section.3.2}% 23
\BOOKMARK [2][-]{subsection.3.2.2}{Description}{section.3.2}% 24
\BOOKMARK [2][-]{subsection.3.2.3}{Signal analysis}{section.3.2}% 25
\BOOKMARK [0][-]{chapter.4}{Supervised Approach}{}% 26
\BOOKMARK [0][-]{chapter.5}{Unsupervised Approach}{}% 27
\BOOKMARK [0][-]{chapter.6}{Semi-Unsupervised Approach}{}% 28
\BOOKMARK [0][-]{chapter.7}{Other contributions}{}% 29
\BOOKMARK [0][-]{section*.17}{List of Publications}{}% 30
